Using pre-set license
Built from '2020.3/release' branch; Version is '2020.3.12f1 (b3b2c6512326) revision 11776710'; Using compiler version '192528614'; Build Type 'Release'
OS: 'Windows 10 Home; OS build 19042.1083; Version 2009; 64bit' Language: 'ko' Physical Memory: 32644 MB
BatchMode: 1, IsHumanControllingUs: 0, StartBugReporterOnCrash: 0, Is64bit: 1, IsPro: 0

 COMMAND LINE ARGUMENTS:
C:\Program Files\Unity\Hub\Editor\2020.3.12f1\Editor\Unity.exe
-adb2
-batchMode
-noUpm
-name
AssetImportWorker0
-projectPath
D:/Github/MummyIL
-logFile
Logs/AssetImportWorker0.log
-srvPort
55929
Successfully changed project path to: D:/Github/MummyIL
D:/Github/MummyIL
Using Asset Import Pipeline V2.
Refreshing native plugins compatible for Editor in 35.13 ms, found 3 plugins.
Preloading 0 native plugins for Editor in 0.00 ms.
Initialize engine version: 2020.3.12f1 (b3b2c6512326)
[Subsystems] Discovering subsystems at path C:/Program Files/Unity/Hub/Editor/2020.3.12f1/Editor/Data/Resources/UnitySubsystems
[Subsystems] Discovering subsystems at path D:/Github/MummyIL/Assets
GfxDevice: creating device client; threaded=0
Direct3D:
    Version:  Direct3D 11.0 [level 11.1]
    Renderer: NVIDIA GeForce GTX 1070 (ID=0x1be1)
    Vendor:   
    VRAM:     8081 MB
    Driver:   27.21.14.6280
Initialize mono
Mono path[0] = 'C:/Program Files/Unity/Hub/Editor/2020.3.12f1/Editor/Data/Managed'
Mono path[1] = 'C:/Program Files/Unity/Hub/Editor/2020.3.12f1/Editor/Data/MonoBleedingEdge/lib/mono/unityjit'
Mono config path = 'C:/Program Files/Unity/Hub/Editor/2020.3.12f1/Editor/Data/MonoBleedingEdge/etc'
Using monoOptions --debugger-agent=transport=dt_socket,embedding=1,server=y,suspend=n,address=127.0.0.1:56096
Begin MonoManager ReloadAssembly
Registering precompiled unity dll's ...
Register platform support module: C:/Program Files/Unity/Hub/Editor/2020.3.12f1/Editor/Data/PlaybackEngines/WindowsStandaloneSupport/UnityEditor.WindowsStandalone.Extensions.dll
Registered in 0.001797 seconds.
Native extension for WindowsStandalone target not found
Refreshing native plugins compatible for Editor in 32.40 ms, found 3 plugins.
Preloading 0 native plugins for Editor in 0.00 ms.
Mono: successfully reloaded assembly
- Completed reload, in  1.710 seconds
Platform modules already initialized, skipping
Registering precompiled user dll's ...
Registered in 0.004409 seconds.
Begin MonoManager ReloadAssembly
Native extension for WindowsStandalone target not found
Refreshing native plugins compatible for Editor in 33.47 ms, found 3 plugins.
Preloading 0 native plugins for Editor in 0.00 ms.
Mono: successfully reloaded assembly
- Completed reload, in  1.832 seconds
Platform modules already initialized, skipping
========================================================================
Worker process is ready to serve import requests
Launched and connected shader compiler UnityShaderCompiler.exe after 0.04 seconds
Refreshing native plugins compatible for Editor in 0.72 ms, found 3 plugins.
Preloading 0 native plugins for Editor in 0.00 ms.
Unloading 2003 Unused Serialized files (Serialized files now loaded: 0)
System memory in use before: 94.6 MB.
System memory in use after: 94.7 MB.

Unloading 33 unused Assets to reduce memory usage. Loaded Objects now: 2424.
Total: 2.733500 ms (FindLiveObjects: 0.187900 ms CreateObjectMapping: 0.068000 ms MarkObjects: 2.399600 ms  DeleteObjects: 0.076800 ms)

AssetImportParameters requested are different than current active one (requested -> active):
  custom:framework-win-MediaFoundation: 216162199b28c13a410421893ffa2e32 -> 
  custom:video-decoder-ogg-theora: a1e56fd34408186e4bbccfd4996cb3dc -> 
  custom:container-muxer-webm: aa71ff27fc2769a1b78a27578f13a17b -> 
  custom:container-demuxer-webm: 4f35f7cbe854078d1ac9338744f61a02 -> 
  custom:container-demuxer-ogg: 62fdf1f143b41e24485cea50d1cbac27 -> 
  custom:video-encoder-webm-vp8: eb34c28f22e8b96e1ab97ce403110664 -> 
  custom:video-decoder-webm-vp8: 9c59270c3fd7afecdb556c50c9e8de78 -> 
  custom:audio-decoder-ogg-vorbis: bf7c407c2cedff20999df2af8eb42d56 -> 
  custom:audio-encoder-webm-vorbis: bf7c407c2cedff20999df2af8eb42d56 -> 
========================================================================
Received Import Request.
  path: Assets/Scenes
  artifactKey: Guid(19fdb97154565c146ac7fb1cbe3a774f) Importer(815301076,1909f56bfc062723c751e8b465ee728b)
Start importing Assets/Scenes using Guid(19fdb97154565c146ac7fb1cbe3a774f) Importer(815301076,1909f56bfc062723c751e8b465ee728b)  -> (artifact id: 'fed0eef0b494757d750df74cd1e2a15c') in 0.008301 seconds 
  Import took 0.011035 seconds .

========================================================================
Received Import Request.
  Time since last request: 0.936944 seconds.
  path: Assets/0.1 Scenes
  artifactKey: Guid(19fdb97154565c146ac7fb1cbe3a774f) Importer(815301076,1909f56bfc062723c751e8b465ee728b)
Start importing Assets/0.1 Scenes using Guid(19fdb97154565c146ac7fb1cbe3a774f) Importer(815301076,1909f56bfc062723c751e8b465ee728b)  -> (artifact id: '6cb9ed442405d98071af99500be46d26') in 0.004792 seconds 
  Import took 0.008384 seconds .

========================================================================
Received Import Request.
  Time since last request: 0.592897 seconds.
  path: Assets
  artifactKey: Guid(00000000000000001000000000000000) Importer(815301076,1909f56bfc062723c751e8b465ee728b)
Start importing Assets using Guid(00000000000000001000000000000000) Importer(815301076,1909f56bfc062723c751e8b465ee728b)  -> (artifact id: '42d402b061de3733987d63b9cc3b64de') in 0.005039 seconds 
  Import took 0.007957 seconds .

========================================================================
Received Import Request.
  Time since last request: 11.665674 seconds.
  path: Assets/02. Scripts
  artifactKey: Guid(9f6fa572eb325b8469f8c8e433733879) Importer(815301076,1909f56bfc062723c751e8b465ee728b)
Start importing Assets/02. Scripts using Guid(9f6fa572eb325b8469f8c8e433733879) Importer(815301076,1909f56bfc062723c751e8b465ee728b)  -> (artifact id: 'b1e83c560422d4dc3f42d1767ef4bdc1') in 0.005138 seconds 
  Import took 0.008017 seconds .

========================================================================
Received Import Request.
  Time since last request: 8.486904 seconds.
  path: Assets/01. Scenes
  artifactKey: Guid(19fdb97154565c146ac7fb1cbe3a774f) Importer(815301076,1909f56bfc062723c751e8b465ee728b)
Start importing Assets/01. Scenes using Guid(19fdb97154565c146ac7fb1cbe3a774f) Importer(815301076,1909f56bfc062723c751e8b465ee728b)  -> (artifact id: '6fe201a08d38bf371ab16eb744801784') in 0.006427 seconds 
  Import took 0.009390 seconds .

========================================================================
Received Import Request.
  Time since last request: 8.103377 seconds.
  path: Assets/03. Prefabs
  artifactKey: Guid(166a2c1a51389af4c95fd91cb2d44225) Importer(815301076,1909f56bfc062723c751e8b465ee728b)
Start importing Assets/03. Prefabs using Guid(166a2c1a51389af4c95fd91cb2d44225) Importer(815301076,1909f56bfc062723c751e8b465ee728b)  -> (artifact id: '975c9a1ecbbc2cfb24a1a81089ec53bc') in 0.005542 seconds 
  Import took 0.008535 seconds .

========================================================================
Received Import Request.
  Time since last request: 8.505822 seconds.
  path: Assets/04. TFModels
  artifactKey: Guid(ceb89177ddf5459429aca659c408af6f) Importer(815301076,1909f56bfc062723c751e8b465ee728b)
Start importing Assets/04. TFModels using Guid(ceb89177ddf5459429aca659c408af6f) Importer(815301076,1909f56bfc062723c751e8b465ee728b)  -> (artifact id: '7d33cdd7b580d7e376852cc5c126cfa9') in 0.005213 seconds 
  Import took 0.007975 seconds .

========================================================================
Received Import Request.
  Time since last request: 344.561603 seconds.
  path: Assets/amusedART
  artifactKey: Guid(1fdeb800dc807174b9384773ce12263a) Importer(815301076,1909f56bfc062723c751e8b465ee728b)
Start importing Assets/amusedART using Guid(1fdeb800dc807174b9384773ce12263a) Importer(815301076,1909f56bfc062723c751e8b465ee728b)  -> (artifact id: 'bbc415fa70a93b5d7b3c91e6b525f8c9') in 0.006017 seconds 
  Import took 0.009348 seconds .

========================================================================
Received Import Request.
  Time since last request: 0.000596 seconds.
  path: Assets/amusedART
  artifactKey: Guid(1fdeb800dc807174b9384773ce12263a) Importer(815301076,1909f56bfc062723c751e8b465ee728b)
Start importing Assets/amusedART using Guid(1fdeb800dc807174b9384773ce12263a) Importer(815301076,1909f56bfc062723c751e8b465ee728b)  -> (artifact id: 'bbc415fa70a93b5d7b3c91e6b525f8c9') in 0.001433 seconds 
  Import took 0.004149 seconds .

========================================================================
Received Import Request.
  Time since last request: 6.757914 seconds.
  path: Assets/05. Models
  artifactKey: Guid(1fdeb800dc807174b9384773ce12263a) Importer(815301076,1909f56bfc062723c751e8b465ee728b)
Start importing Assets/05. Models using Guid(1fdeb800dc807174b9384773ce12263a) Importer(815301076,1909f56bfc062723c751e8b465ee728b)  -> (artifact id: 'b2dbfab6fdbcf8e1f5717ae34ebe54aa') in 0.007065 seconds 
  Import took 0.010524 seconds .

========================================================================
Received Import Request.
  Time since last request: 8.404601 seconds.
  path: Assets/05. Models/Mummy_Mon
  artifactKey: Guid(8561b662522feb04ba21888e28297550) Importer(815301076,1909f56bfc062723c751e8b465ee728b)
Start importing Assets/05. Models/Mummy_Mon using Guid(8561b662522feb04ba21888e28297550) Importer(815301076,1909f56bfc062723c751e8b465ee728b)  -> (artifact id: '5af9acdb613177ada5d7fdf213eaa55d') in 0.005906 seconds 
  Import took 0.009153 seconds .

========================================================================
Received Import Request.
  Time since last request: 4.707460 seconds.
  path: Assets/05. Models/Mummy_Mon/Mummy_Mon.FBX
  artifactKey: Guid(3353e4f866c39d043a315b41717c9bb7) Importer(815301076,1909f56bfc062723c751e8b465ee728b)
Start importing Assets/05. Models/Mummy_Mon/Mummy_Mon.FBX using Guid(3353e4f866c39d043a315b41717c9bb7) Importer(815301076,1909f56bfc062723c751e8b465ee728b)  -> (artifact id: '0b083d5fe7d519f0955176d6afa6d934') in 0.363862 seconds 
  Import took 0.367115 seconds .

========================================================================
Received Import Request.
  Time since last request: 3.947976 seconds.
  path: Assets/05. Models/Mummy_Mon/Agent.FBX
  artifactKey: Guid(3353e4f866c39d043a315b41717c9bb7) Importer(815301076,1909f56bfc062723c751e8b465ee728b)
Start importing Assets/05. Models/Mummy_Mon/Agent.FBX using Guid(3353e4f866c39d043a315b41717c9bb7) Importer(815301076,1909f56bfc062723c751e8b465ee728b)  -> (artifact id: '7fb0cd517dec46c86bf39dfd52f6d74f') in 0.078797 seconds 
  Import took 0.081856 seconds .

========================================================================
Received Import Request.
  Time since last request: 23.482328 seconds.
  path: Assets/05. Models/Mummy_Mon/Materials
  artifactKey: Guid(3760ed489da40cd4d924f9c16237ce86) Importer(815301076,1909f56bfc062723c751e8b465ee728b)
Start importing Assets/05. Models/Mummy_Mon/Materials using Guid(3760ed489da40cd4d924f9c16237ce86) Importer(815301076,1909f56bfc062723c751e8b465ee728b)  -> (artifact id: '0088679ab3a7f55a26252fcebb7bb01c') in 0.005419 seconds 
  Import took 0.008808 seconds .

========================================================================
Received Import Request.
  Time since last request: 750.984495 seconds.
  path: ProjectSettings/TagManager.asset
  artifactKey: Guid(00000000000000003000000000000000) Importer(815301076,1909f56bfc062723c751e8b465ee728b)
Start importing ProjectSettings/TagManager.asset using Guid(00000000000000003000000000000000) Importer(815301076,1909f56bfc062723c751e8b465ee728b)  -> (artifact id: 'ce6a35c3cddc746e7501c0bd0ed6d4ce') in 0.010643 seconds 
  Import took 0.014476 seconds .

========================================================================
Received Import Request.
  Time since last request: 58.475250 seconds.
  path: ProjectSettings/TagManager.asset
  artifactKey: Guid(00000000000000003000000000000000) Importer(815301076,1909f56bfc062723c751e8b465ee728b)
Start importing ProjectSettings/TagManager.asset using Guid(00000000000000003000000000000000) Importer(815301076,1909f56bfc062723c751e8b465ee728b)  -> (artifact id: 'd47cf0e74c60a53663da5434e61fb5cb') in 0.002032 seconds 
  Import took 0.005176 seconds .

========================================================================
Received Import Request.
  Time since last request: 410.655203 seconds.
  path: Assets/02. Scripts/MummyAgent.cs
  artifactKey: Guid(9358c6f7d913b02409fbdde9c179043c) Importer(815301076,1909f56bfc062723c751e8b465ee728b)
Start importing Assets/02. Scripts/MummyAgent.cs using Guid(9358c6f7d913b02409fbdde9c179043c) Importer(815301076,1909f56bfc062723c751e8b465ee728b)  -> (artifact id: '086ba8b85ff9b0763e9268af9e5a9a93') in 0.009225 seconds 
  Import took 0.012781 seconds .

========================================================================
Received Prepare
Registering precompiled user dll's ...
Registered in 0.005052 seconds.
Begin MonoManager ReloadAssembly
Native extension for WindowsStandalone target not found
Refreshing native plugins compatible for Editor in 0.77 ms, found 3 plugins.
Preloading 0 native plugins for Editor in 0.00 ms.
Mono: successfully reloaded assembly
- Completed reload, in  1.023 seconds
Platform modules already initialized, skipping
Refreshing native plugins compatible for Editor in 0.42 ms, found 3 plugins.
Preloading 0 native plugins for Editor in 0.00 ms.
Unloading 1999 Unused Serialized files (Serialized files now loaded: 0)
System memory in use before: 111.5 MB.
System memory in use after: 111.6 MB.

Unloading 29 unused Assets to reduce memory usage. Loaded Objects now: 2473.
Total: 2.587700 ms (FindLiveObjects: 0.180000 ms CreateObjectMapping: 0.062700 ms MarkObjects: 2.291900 ms  DeleteObjects: 0.052300 ms)

AssetImportParameters requested are different than current active one (requested -> active):
  custom:framework-win-MediaFoundation: 216162199b28c13a410421893ffa2e32 -> 
  custom:video-decoder-ogg-theora: a1e56fd34408186e4bbccfd4996cb3dc -> 
  custom:container-muxer-webm: aa71ff27fc2769a1b78a27578f13a17b -> 
  custom:container-demuxer-webm: 4f35f7cbe854078d1ac9338744f61a02 -> 
  custom:container-demuxer-ogg: 62fdf1f143b41e24485cea50d1cbac27 -> 
  custom:video-encoder-webm-vp8: eb34c28f22e8b96e1ab97ce403110664 -> 
  custom:video-decoder-webm-vp8: 9c59270c3fd7afecdb556c50c9e8de78 -> 
  custom:audio-decoder-ogg-vorbis: bf7c407c2cedff20999df2af8eb42d56 -> 
  custom:audio-encoder-webm-vorbis: bf7c407c2cedff20999df2af8eb42d56 -> 
========================================================================
Received Prepare
Registering precompiled user dll's ...
Registered in 0.004768 seconds.
Begin MonoManager ReloadAssembly
Native extension for WindowsStandalone target not found
Refreshing native plugins compatible for Editor in 0.44 ms, found 3 plugins.
Preloading 0 native plugins for Editor in 0.00 ms.
Mono: successfully reloaded assembly
- Completed reload, in  1.056 seconds
Platform modules already initialized, skipping
Refreshing native plugins compatible for Editor in 0.41 ms, found 3 plugins.
Preloading 0 native plugins for Editor in 0.00 ms.
Unloading 1999 Unused Serialized files (Serialized files now loaded: 0)
System memory in use before: 111.6 MB.
System memory in use after: 111.7 MB.

Unloading 27 unused Assets to reduce memory usage. Loaded Objects now: 2477.
Total: 2.694000 ms (FindLiveObjects: 0.192400 ms CreateObjectMapping: 0.062600 ms MarkObjects: 2.385500 ms  DeleteObjects: 0.052500 ms)

AssetImportParameters requested are different than current active one (requested -> active):
  custom:framework-win-MediaFoundation: 216162199b28c13a410421893ffa2e32 -> 
  custom:video-decoder-ogg-theora: a1e56fd34408186e4bbccfd4996cb3dc -> 
  custom:container-muxer-webm: aa71ff27fc2769a1b78a27578f13a17b -> 
  custom:container-demuxer-webm: 4f35f7cbe854078d1ac9338744f61a02 -> 
  custom:container-demuxer-ogg: 62fdf1f143b41e24485cea50d1cbac27 -> 
  custom:video-encoder-webm-vp8: eb34c28f22e8b96e1ab97ce403110664 -> 
  custom:video-decoder-webm-vp8: 9c59270c3fd7afecdb556c50c9e8de78 -> 
  custom:audio-decoder-ogg-vorbis: bf7c407c2cedff20999df2af8eb42d56 -> 
  custom:audio-encoder-webm-vorbis: bf7c407c2cedff20999df2af8eb42d56 -> 
========================================================================
Received Import Request.
  Time since last request: 363.274734 seconds.
  path: Assets/02. Scripts/MummyAgent.cs
  artifactKey: Guid(9358c6f7d913b02409fbdde9c179043c) Importer(815301076,1909f56bfc062723c751e8b465ee728b)
Start importing Assets/02. Scripts/MummyAgent.cs using Guid(9358c6f7d913b02409fbdde9c179043c) Importer(815301076,1909f56bfc062723c751e8b465ee728b)  -> (artifact id: '248802c8136fef1749b9e93bc802ed69') in 0.003872 seconds 
  Import took 0.006607 seconds .

========================================================================
Received Prepare
Registering precompiled user dll's ...
Registered in 0.004291 seconds.
Begin MonoManager ReloadAssembly
Native extension for WindowsStandalone target not found
Refreshing native plugins compatible for Editor in 0.51 ms, found 3 plugins.
Preloading 0 native plugins for Editor in 0.00 ms.
Mono: successfully reloaded assembly
- Completed reload, in  1.144 seconds
Platform modules already initialized, skipping
Refreshing native plugins compatible for Editor in 0.42 ms, found 3 plugins.
Preloading 0 native plugins for Editor in 0.00 ms.
Unloading 2000 Unused Serialized files (Serialized files now loaded: 0)
System memory in use before: 111.6 MB.
System memory in use after: 111.7 MB.

Unloading 27 unused Assets to reduce memory usage. Loaded Objects now: 2482.
Total: 2.414700 ms (FindLiveObjects: 0.200800 ms CreateObjectMapping: 0.080500 ms MarkObjects: 2.079600 ms  DeleteObjects: 0.052600 ms)

AssetImportParameters requested are different than current active one (requested -> active):
  custom:framework-win-MediaFoundation: 216162199b28c13a410421893ffa2e32 -> 
  custom:video-decoder-ogg-theora: a1e56fd34408186e4bbccfd4996cb3dc -> 
  custom:container-muxer-webm: aa71ff27fc2769a1b78a27578f13a17b -> 
  custom:container-demuxer-webm: 4f35f7cbe854078d1ac9338744f61a02 -> 
  custom:container-demuxer-ogg: 62fdf1f143b41e24485cea50d1cbac27 -> 
  custom:video-encoder-webm-vp8: eb34c28f22e8b96e1ab97ce403110664 -> 
  custom:video-decoder-webm-vp8: 9c59270c3fd7afecdb556c50c9e8de78 -> 
  custom:audio-decoder-ogg-vorbis: bf7c407c2cedff20999df2af8eb42d56 -> 
  custom:audio-encoder-webm-vorbis: bf7c407c2cedff20999df2af8eb42d56 -> 
========================================================================
Received Import Request.
  Time since last request: 1085.264879 seconds.
  path: Assets/02. Scripts/NewBehaviourScript.cs
  artifactKey: Guid(fc9016a664af9ae4889cc31a0eb69212) Importer(815301076,1909f56bfc062723c751e8b465ee728b)
Start importing Assets/02. Scripts/NewBehaviourScript.cs using Guid(fc9016a664af9ae4889cc31a0eb69212) Importer(815301076,1909f56bfc062723c751e8b465ee728b)  -> (artifact id: '2b191dce19a4076e63f0277ac7b521b8') in 0.006949 seconds 
  Import took 0.010103 seconds .

========================================================================
Received Prepare
Registering precompiled user dll's ...
Registered in 0.004158 seconds.
Begin MonoManager ReloadAssembly
Native extension for WindowsStandalone target not found
Refreshing native plugins compatible for Editor in 0.43 ms, found 3 plugins.
Preloading 0 native plugins for Editor in 0.00 ms.
Mono: successfully reloaded assembly
- Completed reload, in  0.995 seconds
Platform modules already initialized, skipping
Refreshing native plugins compatible for Editor in 0.42 ms, found 3 plugins.
Preloading 0 native plugins for Editor in 0.00 ms.
Unloading 2000 Unused Serialized files (Serialized files now loaded: 0)
System memory in use before: 111.6 MB.
System memory in use after: 111.7 MB.

Unloading 27 unused Assets to reduce memory usage. Loaded Objects now: 2486.
Total: 2.874500 ms (FindLiveObjects: 0.179100 ms CreateObjectMapping: 0.072800 ms MarkObjects: 2.568600 ms  DeleteObjects: 0.052900 ms)

AssetImportParameters requested are different than current active one (requested -> active):
  custom:framework-win-MediaFoundation: 216162199b28c13a410421893ffa2e32 -> 
  custom:video-decoder-ogg-theora: a1e56fd34408186e4bbccfd4996cb3dc -> 
  custom:container-muxer-webm: aa71ff27fc2769a1b78a27578f13a17b -> 
  custom:container-demuxer-webm: 4f35f7cbe854078d1ac9338744f61a02 -> 
  custom:container-demuxer-ogg: 62fdf1f143b41e24485cea50d1cbac27 -> 
  custom:video-encoder-webm-vp8: eb34c28f22e8b96e1ab97ce403110664 -> 
  custom:video-decoder-webm-vp8: 9c59270c3fd7afecdb556c50c9e8de78 -> 
  custom:audio-decoder-ogg-vorbis: bf7c407c2cedff20999df2af8eb42d56 -> 
  custom:audio-encoder-webm-vorbis: bf7c407c2cedff20999df2af8eb42d56 -> 
========================================================================
Received Import Request.
  Time since last request: 30.277074 seconds.
  path: Assets/02. Scripts/MummyAgent.cs
  artifactKey: Guid(9358c6f7d913b02409fbdde9c179043c) Importer(815301076,1909f56bfc062723c751e8b465ee728b)
Start importing Assets/02. Scripts/MummyAgent.cs using Guid(9358c6f7d913b02409fbdde9c179043c) Importer(815301076,1909f56bfc062723c751e8b465ee728b)  -> (artifact id: '8a97d9641c1a1868840ebb0989cac97b') in 0.003496 seconds 
  Import took 0.006202 seconds .

========================================================================
Received Prepare
Registering precompiled user dll's ...
Registered in 0.004275 seconds.
Begin MonoManager ReloadAssembly
Native extension for WindowsStandalone target not found
Refreshing native plugins compatible for Editor in 0.43 ms, found 3 plugins.
Preloading 0 native plugins for Editor in 0.00 ms.
Mono: successfully reloaded assembly
- Completed reload, in  1.019 seconds
Platform modules already initialized, skipping
Refreshing native plugins compatible for Editor in 0.42 ms, found 3 plugins.
Preloading 0 native plugins for Editor in 0.00 ms.
Unloading 1999 Unused Serialized files (Serialized files now loaded: 0)
System memory in use before: 111.6 MB.
System memory in use after: 111.7 MB.

Unloading 28 unused Assets to reduce memory usage. Loaded Objects now: 2489.
Total: 2.890300 ms (FindLiveObjects: 0.183500 ms CreateObjectMapping: 0.060900 ms MarkObjects: 2.592300 ms  DeleteObjects: 0.052600 ms)

AssetImportParameters requested are different than current active one (requested -> active):
  custom:framework-win-MediaFoundation: 216162199b28c13a410421893ffa2e32 -> 
  custom:video-decoder-ogg-theora: a1e56fd34408186e4bbccfd4996cb3dc -> 
  custom:container-muxer-webm: aa71ff27fc2769a1b78a27578f13a17b -> 
  custom:container-demuxer-webm: 4f35f7cbe854078d1ac9338744f61a02 -> 
  custom:container-demuxer-ogg: 62fdf1f143b41e24485cea50d1cbac27 -> 
  custom:video-encoder-webm-vp8: eb34c28f22e8b96e1ab97ce403110664 -> 
  custom:video-decoder-webm-vp8: 9c59270c3fd7afecdb556c50c9e8de78 -> 
  custom:audio-decoder-ogg-vorbis: bf7c407c2cedff20999df2af8eb42d56 -> 
  custom:audio-encoder-webm-vorbis: bf7c407c2cedff20999df2af8eb42d56 -> 
========================================================================
Received Import Request.
  Time since last request: 12.811808 seconds.
  path: Assets/02. Scripts/StageManager.cs
  artifactKey: Guid(d48e2d27491e77b4799236b66d6fa84d) Importer(815301076,1909f56bfc062723c751e8b465ee728b)
Start importing Assets/02. Scripts/StageManager.cs using Guid(d48e2d27491e77b4799236b66d6fa84d) Importer(815301076,1909f56bfc062723c751e8b465ee728b)  -> (artifact id: 'a439fbfd98753e1985393fb532358a1e') in 0.006834 seconds 
  Import took 0.009856 seconds .

========================================================================
Received Prepare
Registering precompiled user dll's ...
Registered in 0.004116 seconds.
Begin MonoManager ReloadAssembly
Native extension for WindowsStandalone target not found
Refreshing native plugins compatible for Editor in 0.44 ms, found 3 plugins.
Preloading 0 native plugins for Editor in 0.00 ms.
Mono: successfully reloaded assembly
- Completed reload, in  1.050 seconds
Platform modules already initialized, skipping
Refreshing native plugins compatible for Editor in 0.42 ms, found 3 plugins.
Preloading 0 native plugins for Editor in 0.00 ms.
Unloading 2000 Unused Serialized files (Serialized files now loaded: 0)
System memory in use before: 111.6 MB.
System memory in use after: 111.7 MB.

Unloading 27 unused Assets to reduce memory usage. Loaded Objects now: 2494.
Total: 2.745000 ms (FindLiveObjects: 0.189000 ms CreateObjectMapping: 0.065000 ms MarkObjects: 2.433200 ms  DeleteObjects: 0.056700 ms)

AssetImportParameters requested are different than current active one (requested -> active):
  custom:framework-win-MediaFoundation: 216162199b28c13a410421893ffa2e32 -> 
  custom:video-decoder-ogg-theora: a1e56fd34408186e4bbccfd4996cb3dc -> 
  custom:container-muxer-webm: aa71ff27fc2769a1b78a27578f13a17b -> 
  custom:container-demuxer-webm: 4f35f7cbe854078d1ac9338744f61a02 -> 
  custom:container-demuxer-ogg: 62fdf1f143b41e24485cea50d1cbac27 -> 
  custom:video-encoder-webm-vp8: eb34c28f22e8b96e1ab97ce403110664 -> 
  custom:video-decoder-webm-vp8: 9c59270c3fd7afecdb556c50c9e8de78 -> 
  custom:audio-decoder-ogg-vorbis: bf7c407c2cedff20999df2af8eb42d56 -> 
  custom:audio-encoder-webm-vorbis: bf7c407c2cedff20999df2af8eb42d56 -> 
========================================================================
Received Prepare
Registering precompiled user dll's ...
Registered in 0.004170 seconds.
Begin MonoManager ReloadAssembly
Native extension for WindowsStandalone target not found
Refreshing native plugins compatible for Editor in 0.45 ms, found 3 plugins.
Preloading 0 native plugins for Editor in 0.00 ms.
Mono: successfully reloaded assembly
- Completed reload, in  1.019 seconds
Platform modules already initialized, skipping
Refreshing native plugins compatible for Editor in 0.42 ms, found 3 plugins.
Preloading 0 native plugins for Editor in 0.00 ms.
Unloading 2000 Unused Serialized files (Serialized files now loaded: 0)
System memory in use before: 111.6 MB.
System memory in use after: 111.7 MB.

Unloading 27 unused Assets to reduce memory usage. Loaded Objects now: 2498.
Total: 2.489500 ms (FindLiveObjects: 0.168700 ms CreateObjectMapping: 0.069300 ms MarkObjects: 2.198100 ms  DeleteObjects: 0.052500 ms)

AssetImportParameters requested are different than current active one (requested -> active):
  custom:framework-win-MediaFoundation: 216162199b28c13a410421893ffa2e32 -> 
  custom:video-decoder-ogg-theora: a1e56fd34408186e4bbccfd4996cb3dc -> 
  custom:container-muxer-webm: aa71ff27fc2769a1b78a27578f13a17b -> 
  custom:container-demuxer-webm: 4f35f7cbe854078d1ac9338744f61a02 -> 
  custom:container-demuxer-ogg: 62fdf1f143b41e24485cea50d1cbac27 -> 
  custom:video-encoder-webm-vp8: eb34c28f22e8b96e1ab97ce403110664 -> 
  custom:video-decoder-webm-vp8: 9c59270c3fd7afecdb556c50c9e8de78 -> 
  custom:audio-decoder-ogg-vorbis: bf7c407c2cedff20999df2af8eb42d56 -> 
  custom:audio-encoder-webm-vorbis: bf7c407c2cedff20999df2af8eb42d56 -> 
========================================================================
Received Prepare
Registering precompiled user dll's ...
Registered in 0.004448 seconds.
Begin MonoManager ReloadAssembly
Native extension for WindowsStandalone target not found
Refreshing native plugins compatible for Editor in 0.43 ms, found 3 plugins.
Preloading 0 native plugins for Editor in 0.00 ms.
Mono: successfully reloaded assembly
- Completed reload, in  1.009 seconds
Platform modules already initialized, skipping
Refreshing native plugins compatible for Editor in 0.42 ms, found 3 plugins.
Preloading 0 native plugins for Editor in 0.00 ms.
Unloading 2000 Unused Serialized files (Serialized files now loaded: 0)
System memory in use before: 111.7 MB.
System memory in use after: 111.7 MB.

Unloading 27 unused Assets to reduce memory usage. Loaded Objects now: 2502.
Total: 2.598400 ms (FindLiveObjects: 0.189100 ms CreateObjectMapping: 0.068400 ms MarkObjects: 2.283500 ms  DeleteObjects: 0.056300 ms)

AssetImportParameters requested are different than current active one (requested -> active):
  custom:framework-win-MediaFoundation: 216162199b28c13a410421893ffa2e32 -> 
  custom:video-decoder-ogg-theora: a1e56fd34408186e4bbccfd4996cb3dc -> 
  custom:container-muxer-webm: aa71ff27fc2769a1b78a27578f13a17b -> 
  custom:container-demuxer-webm: 4f35f7cbe854078d1ac9338744f61a02 -> 
  custom:container-demuxer-ogg: 62fdf1f143b41e24485cea50d1cbac27 -> 
  custom:video-encoder-webm-vp8: eb34c28f22e8b96e1ab97ce403110664 -> 
  custom:video-decoder-webm-vp8: 9c59270c3fd7afecdb556c50c9e8de78 -> 
  custom:audio-decoder-ogg-vorbis: bf7c407c2cedff20999df2af8eb42d56 -> 
  custom:audio-encoder-webm-vorbis: bf7c407c2cedff20999df2af8eb42d56 -> 
========================================================================
Received Prepare
Registering precompiled user dll's ...
Registered in 0.005269 seconds.
Begin MonoManager ReloadAssembly
Native extension for WindowsStandalone target not found
Refreshing native plugins compatible for Editor in 0.43 ms, found 3 plugins.
Preloading 0 native plugins for Editor in 0.00 ms.
Mono: successfully reloaded assembly
- Completed reload, in  1.018 seconds
Platform modules already initialized, skipping
Refreshing native plugins compatible for Editor in 0.42 ms, found 3 plugins.
Preloading 0 native plugins for Editor in 0.00 ms.
Unloading 2000 Unused Serialized files (Serialized files now loaded: 0)
System memory in use before: 111.7 MB.
System memory in use after: 111.7 MB.

Unloading 27 unused Assets to reduce memory usage. Loaded Objects now: 2506.
Total: 2.769300 ms (FindLiveObjects: 0.182800 ms CreateObjectMapping: 0.074600 ms MarkObjects: 2.453900 ms  DeleteObjects: 0.056500 ms)

AssetImportParameters requested are different than current active one (requested -> active):
  custom:framework-win-MediaFoundation: 216162199b28c13a410421893ffa2e32 -> 
  custom:video-decoder-ogg-theora: a1e56fd34408186e4bbccfd4996cb3dc -> 
  custom:container-muxer-webm: aa71ff27fc2769a1b78a27578f13a17b -> 
  custom:container-demuxer-webm: 4f35f7cbe854078d1ac9338744f61a02 -> 
  custom:container-demuxer-ogg: 62fdf1f143b41e24485cea50d1cbac27 -> 
  custom:video-encoder-webm-vp8: eb34c28f22e8b96e1ab97ce403110664 -> 
  custom:video-decoder-webm-vp8: 9c59270c3fd7afecdb556c50c9e8de78 -> 
  custom:audio-decoder-ogg-vorbis: bf7c407c2cedff20999df2af8eb42d56 -> 
  custom:audio-encoder-webm-vorbis: bf7c407c2cedff20999df2af8eb42d56 -> 
========================================================================
Received Prepare
Registering precompiled user dll's ...
Registered in 0.004220 seconds.
Begin MonoManager ReloadAssembly
Native extension for WindowsStandalone target not found
Refreshing native plugins compatible for Editor in 0.46 ms, found 3 plugins.
Preloading 0 native plugins for Editor in 0.00 ms.
Mono: successfully reloaded assembly
- Completed reload, in  1.009 seconds
Platform modules already initialized, skipping
Refreshing native plugins compatible for Editor in 0.42 ms, found 3 plugins.
Preloading 0 native plugins for Editor in 0.00 ms.
Unloading 2000 Unused Serialized files (Serialized files now loaded: 0)
System memory in use before: 111.7 MB.
System memory in use after: 111.8 MB.

Unloading 27 unused Assets to reduce memory usage. Loaded Objects now: 2510.
Total: 2.222300 ms (FindLiveObjects: 0.168400 ms CreateObjectMapping: 0.064800 ms MarkObjects: 1.935100 ms  DeleteObjects: 0.053100 ms)

AssetImportParameters requested are different than current active one (requested -> active):
  custom:framework-win-MediaFoundation: 216162199b28c13a410421893ffa2e32 -> 
  custom:video-decoder-ogg-theora: a1e56fd34408186e4bbccfd4996cb3dc -> 
  custom:container-muxer-webm: aa71ff27fc2769a1b78a27578f13a17b -> 
  custom:container-demuxer-webm: 4f35f7cbe854078d1ac9338744f61a02 -> 
  custom:container-demuxer-ogg: 62fdf1f143b41e24485cea50d1cbac27 -> 
  custom:video-encoder-webm-vp8: eb34c28f22e8b96e1ab97ce403110664 -> 
  custom:video-decoder-webm-vp8: 9c59270c3fd7afecdb556c50c9e8de78 -> 
  custom:audio-decoder-ogg-vorbis: bf7c407c2cedff20999df2af8eb42d56 -> 
  custom:audio-encoder-webm-vorbis: bf7c407c2cedff20999df2af8eb42d56 -> 
========================================================================
Received Prepare
Registering precompiled user dll's ...
Registered in 0.004533 seconds.
Begin MonoManager ReloadAssembly
Native extension for WindowsStandalone target not found
Refreshing native plugins compatible for Editor in 0.44 ms, found 3 plugins.
Preloading 0 native plugins for Editor in 0.00 ms.
Mono: successfully reloaded assembly
- Completed reload, in  0.991 seconds
Platform modules already initialized, skipping
Refreshing native plugins compatible for Editor in 0.42 ms, found 3 plugins.
Preloading 0 native plugins for Editor in 0.00 ms.
Unloading 2000 Unused Serialized files (Serialized files now loaded: 0)
System memory in use before: 111.7 MB.
System memory in use after: 111.8 MB.

Unloading 27 unused Assets to reduce memory usage. Loaded Objects now: 2514.
Total: 2.537200 ms (FindLiveObjects: 0.183900 ms CreateObjectMapping: 0.059000 ms MarkObjects: 2.227400 ms  DeleteObjects: 0.066000 ms)

AssetImportParameters requested are different than current active one (requested -> active):
  custom:framework-win-MediaFoundation: 216162199b28c13a410421893ffa2e32 -> 
  custom:video-decoder-ogg-theora: a1e56fd34408186e4bbccfd4996cb3dc -> 
  custom:container-muxer-webm: aa71ff27fc2769a1b78a27578f13a17b -> 
  custom:container-demuxer-webm: 4f35f7cbe854078d1ac9338744f61a02 -> 
  custom:container-demuxer-ogg: 62fdf1f143b41e24485cea50d1cbac27 -> 
  custom:video-encoder-webm-vp8: eb34c28f22e8b96e1ab97ce403110664 -> 
  custom:video-decoder-webm-vp8: 9c59270c3fd7afecdb556c50c9e8de78 -> 
  custom:audio-decoder-ogg-vorbis: bf7c407c2cedff20999df2af8eb42d56 -> 
  custom:audio-encoder-webm-vorbis: bf7c407c2cedff20999df2af8eb42d56 -> 
========================================================================
Received Prepare
Registering precompiled user dll's ...
Registered in 0.006287 seconds.
Begin MonoManager ReloadAssembly
Native extension for WindowsStandalone target not found
Refreshing native plugins compatible for Editor in 0.43 ms, found 3 plugins.
Preloading 0 native plugins for Editor in 0.00 ms.
Mono: successfully reloaded assembly
- Completed reload, in  1.001 seconds
Platform modules already initialized, skipping
Refreshing native plugins compatible for Editor in 0.42 ms, found 3 plugins.
Preloading 0 native plugins for Editor in 0.00 ms.
Unloading 2000 Unused Serialized files (Serialized files now loaded: 0)
System memory in use before: 111.7 MB.
System memory in use after: 111.8 MB.

Unloading 27 unused Assets to reduce memory usage. Loaded Objects now: 2518.
Total: 2.298500 ms (FindLiveObjects: 0.177400 ms CreateObjectMapping: 0.070400 ms MarkObjects: 1.994000 ms  DeleteObjects: 0.055500 ms)

AssetImportParameters requested are different than current active one (requested -> active):
  custom:framework-win-MediaFoundation: 216162199b28c13a410421893ffa2e32 -> 
  custom:video-decoder-ogg-theora: a1e56fd34408186e4bbccfd4996cb3dc -> 
  custom:container-muxer-webm: aa71ff27fc2769a1b78a27578f13a17b -> 
  custom:container-demuxer-webm: 4f35f7cbe854078d1ac9338744f61a02 -> 
  custom:container-demuxer-ogg: 62fdf1f143b41e24485cea50d1cbac27 -> 
  custom:video-encoder-webm-vp8: eb34c28f22e8b96e1ab97ce403110664 -> 
  custom:video-decoder-webm-vp8: 9c59270c3fd7afecdb556c50c9e8de78 -> 
  custom:audio-decoder-ogg-vorbis: bf7c407c2cedff20999df2af8eb42d56 -> 
  custom:audio-encoder-webm-vorbis: bf7c407c2cedff20999df2af8eb42d56 -> 
========================================================================
Received Import Request.
  Time since last request: 2605.547757 seconds.
  path: Packages/com.unity.ml-agents/Runtime/Agent.cs
  artifactKey: Guid(88b6042bc9a5d4aa58d931eae49442e5) Importer(815301076,1909f56bfc062723c751e8b465ee728b)
Start importing Packages/com.unity.ml-agents/Runtime/Agent.cs using Guid(88b6042bc9a5d4aa58d931eae49442e5) Importer(815301076,1909f56bfc062723c751e8b465ee728b)  -> (artifact id: '24e333b221fb3fa350d9df5e09dca839') in 0.004411 seconds 
  Import took 0.007324 seconds .

========================================================================
Received Import Request.
  Time since last request: 0.003689 seconds.
  path: Packages/com.unity.ml-agents/Runtime/Agent.cs
  artifactKey: Guid(88b6042bc9a5d4aa58d931eae49442e5) Importer(815301076,1909f56bfc062723c751e8b465ee728b)
Start importing Packages/com.unity.ml-agents/Runtime/Agent.cs using Guid(88b6042bc9a5d4aa58d931eae49442e5) Importer(815301076,1909f56bfc062723c751e8b465ee728b)  -> (artifact id: '24e333b221fb3fa350d9df5e09dca839') in 0.001634 seconds 
  Import took 0.004459 seconds .

========================================================================
Received Prepare
Registering precompiled user dll's ...
Registered in 0.004334 seconds.
Begin MonoManager ReloadAssembly
Native extension for WindowsStandalone target not found
Refreshing native plugins compatible for Editor in 0.43 ms, found 3 plugins.
Preloading 0 native plugins for Editor in 0.00 ms.
Mono: successfully reloaded assembly
- Completed reload, in  0.985 seconds
Platform modules already initialized, skipping
Refreshing native plugins compatible for Editor in 0.42 ms, found 3 plugins.
Preloading 0 native plugins for Editor in 0.00 ms.
Unloading 2000 Unused Serialized files (Serialized files now loaded: 0)
System memory in use before: 111.7 MB.
System memory in use after: 111.8 MB.

Unloading 27 unused Assets to reduce memory usage. Loaded Objects now: 2522.
Total: 2.292000 ms (FindLiveObjects: 0.179700 ms CreateObjectMapping: 0.069100 ms MarkObjects: 1.991000 ms  DeleteObjects: 0.051200 ms)

AssetImportParameters requested are different than current active one (requested -> active):
  custom:framework-win-MediaFoundation: 216162199b28c13a410421893ffa2e32 -> 
  custom:video-decoder-ogg-theora: a1e56fd34408186e4bbccfd4996cb3dc -> 
  custom:container-muxer-webm: aa71ff27fc2769a1b78a27578f13a17b -> 
  custom:container-demuxer-webm: 4f35f7cbe854078d1ac9338744f61a02 -> 
  custom:container-demuxer-ogg: 62fdf1f143b41e24485cea50d1cbac27 -> 
  custom:video-encoder-webm-vp8: eb34c28f22e8b96e1ab97ce403110664 -> 
  custom:video-decoder-webm-vp8: 9c59270c3fd7afecdb556c50c9e8de78 -> 
  custom:audio-decoder-ogg-vorbis: bf7c407c2cedff20999df2af8eb42d56 -> 
  custom:audio-encoder-webm-vorbis: bf7c407c2cedff20999df2af8eb42d56 -> 
========================================================================
Received Prepare
Registering precompiled user dll's ...
Registered in 0.005654 seconds.
Begin MonoManager ReloadAssembly
Native extension for WindowsStandalone target not found
Refreshing native plugins compatible for Editor in 0.46 ms, found 3 plugins.
Preloading 0 native plugins for Editor in 0.00 ms.
Mono: successfully reloaded assembly
- Completed reload, in  1.027 seconds
Platform modules already initialized, skipping
Refreshing native plugins compatible for Editor in 0.42 ms, found 3 plugins.
Preloading 0 native plugins for Editor in 0.00 ms.
Unloading 2000 Unused Serialized files (Serialized files now loaded: 0)
System memory in use before: 111.7 MB.
System memory in use after: 111.8 MB.

Unloading 27 unused Assets to reduce memory usage. Loaded Objects now: 2526.
Total: 2.787700 ms (FindLiveObjects: 0.187800 ms CreateObjectMapping: 0.063400 ms MarkObjects: 2.482500 ms  DeleteObjects: 0.053100 ms)

AssetImportParameters requested are different than current active one (requested -> active):
  custom:framework-win-MediaFoundation: 216162199b28c13a410421893ffa2e32 -> 
  custom:video-decoder-ogg-theora: a1e56fd34408186e4bbccfd4996cb3dc -> 
  custom:container-muxer-webm: aa71ff27fc2769a1b78a27578f13a17b -> 
  custom:container-demuxer-webm: 4f35f7cbe854078d1ac9338744f61a02 -> 
  custom:container-demuxer-ogg: 62fdf1f143b41e24485cea50d1cbac27 -> 
  custom:video-encoder-webm-vp8: eb34c28f22e8b96e1ab97ce403110664 -> 
  custom:video-decoder-webm-vp8: 9c59270c3fd7afecdb556c50c9e8de78 -> 
  custom:audio-decoder-ogg-vorbis: bf7c407c2cedff20999df2af8eb42d56 -> 
  custom:audio-encoder-webm-vorbis: bf7c407c2cedff20999df2af8eb42d56 -> 
========================================================================
Received Prepare
Registering precompiled user dll's ...
Registered in 0.004263 seconds.
Begin MonoManager ReloadAssembly
Native extension for WindowsStandalone target not found
Refreshing native plugins compatible for Editor in 0.48 ms, found 3 plugins.
Preloading 0 native plugins for Editor in 0.00 ms.
Mono: successfully reloaded assembly
- Completed reload, in  1.000 seconds
Platform modules already initialized, skipping
Refreshing native plugins compatible for Editor in 0.42 ms, found 3 plugins.
Preloading 0 native plugins for Editor in 0.00 ms.
Unloading 2000 Unused Serialized files (Serialized files now loaded: 0)
System memory in use before: 111.7 MB.
System memory in use after: 111.8 MB.

Unloading 27 unused Assets to reduce memory usage. Loaded Objects now: 2530.
Total: 2.698300 ms (FindLiveObjects: 0.188400 ms CreateObjectMapping: 0.061700 ms MarkObjects: 2.389100 ms  DeleteObjects: 0.058000 ms)

AssetImportParameters requested are different than current active one (requested -> active):
  custom:framework-win-MediaFoundation: 216162199b28c13a410421893ffa2e32 -> 
  custom:video-decoder-ogg-theora: a1e56fd34408186e4bbccfd4996cb3dc -> 
  custom:container-muxer-webm: aa71ff27fc2769a1b78a27578f13a17b -> 
  custom:container-demuxer-webm: 4f35f7cbe854078d1ac9338744f61a02 -> 
  custom:container-demuxer-ogg: 62fdf1f143b41e24485cea50d1cbac27 -> 
  custom:video-encoder-webm-vp8: eb34c28f22e8b96e1ab97ce403110664 -> 
  custom:video-decoder-webm-vp8: 9c59270c3fd7afecdb556c50c9e8de78 -> 
  custom:audio-decoder-ogg-vorbis: bf7c407c2cedff20999df2af8eb42d56 -> 
  custom:audio-encoder-webm-vorbis: bf7c407c2cedff20999df2af8eb42d56 -> 
========================================================================
Received Import Request.
  Time since last request: 1734.874350 seconds.
  path: Assets/Demo
  artifactKey: Guid(038f3623fe1b3414fb6035ff2af35d3b) Importer(815301076,1909f56bfc062723c751e8b465ee728b)
Start importing Assets/Demo using Guid(038f3623fe1b3414fb6035ff2af35d3b) Importer(815301076,1909f56bfc062723c751e8b465ee728b)  -> (artifact id: 'fb6b49de7982dffc117d7bb87be64512') in 0.009567 seconds 
  Import took 0.013413 seconds .

========================================================================
Received Prepare
Registering precompiled user dll's ...
Registered in 0.004591 seconds.
Begin MonoManager ReloadAssembly
Native extension for WindowsStandalone target not found
Refreshing native plugins compatible for Editor in 0.43 ms, found 3 plugins.
Preloading 0 native plugins for Editor in 0.00 ms.
Mono: successfully reloaded assembly
- Completed reload, in  0.980 seconds
Platform modules already initialized, skipping
Refreshing native plugins compatible for Editor in 0.42 ms, found 3 plugins.
Preloading 0 native plugins for Editor in 0.00 ms.
Unloading 2000 Unused Serialized files (Serialized files now loaded: 0)
System memory in use before: 111.7 MB.
System memory in use after: 111.8 MB.

Unloading 27 unused Assets to reduce memory usage. Loaded Objects now: 2534.
Total: 2.869200 ms (FindLiveObjects: 0.185300 ms CreateObjectMapping: 0.059400 ms MarkObjects: 2.571600 ms  DeleteObjects: 0.052000 ms)

AssetImportParameters requested are different than current active one (requested -> active):
  custom:framework-win-MediaFoundation: 216162199b28c13a410421893ffa2e32 -> 
  custom:video-decoder-ogg-theora: a1e56fd34408186e4bbccfd4996cb3dc -> 
  custom:container-muxer-webm: aa71ff27fc2769a1b78a27578f13a17b -> 
  custom:container-demuxer-webm: 4f35f7cbe854078d1ac9338744f61a02 -> 
  custom:container-demuxer-ogg: 62fdf1f143b41e24485cea50d1cbac27 -> 
  custom:video-encoder-webm-vp8: eb34c28f22e8b96e1ab97ce403110664 -> 
  custom:video-decoder-webm-vp8: 9c59270c3fd7afecdb556c50c9e8de78 -> 
  custom:audio-decoder-ogg-vorbis: bf7c407c2cedff20999df2af8eb42d56 -> 
  custom:audio-encoder-webm-vorbis: bf7c407c2cedff20999df2af8eb42d56 -> 
========================================================================
Received Prepare
Registering precompiled user dll's ...
Registered in 0.004372 seconds.
Begin MonoManager ReloadAssembly
Native extension for WindowsStandalone target not found
Refreshing native plugins compatible for Editor in 0.44 ms, found 3 plugins.
Preloading 0 native plugins for Editor in 0.00 ms.
Mono: successfully reloaded assembly
- Completed reload, in  0.995 seconds
Platform modules already initialized, skipping
Refreshing native plugins compatible for Editor in 0.43 ms, found 3 plugins.
Preloading 0 native plugins for Editor in 0.00 ms.
Unloading 2000 Unused Serialized files (Serialized files now loaded: 0)
System memory in use before: 111.7 MB.
System memory in use after: 111.8 MB.

Unloading 27 unused Assets to reduce memory usage. Loaded Objects now: 2538.
Total: 2.720600 ms (FindLiveObjects: 0.219800 ms CreateObjectMapping: 0.085400 ms MarkObjects: 2.354600 ms  DeleteObjects: 0.059400 ms)

AssetImportParameters requested are different than current active one (requested -> active):
  custom:framework-win-MediaFoundation: 216162199b28c13a410421893ffa2e32 -> 
  custom:video-decoder-ogg-theora: a1e56fd34408186e4bbccfd4996cb3dc -> 
  custom:container-muxer-webm: aa71ff27fc2769a1b78a27578f13a17b -> 
  custom:container-demuxer-webm: 4f35f7cbe854078d1ac9338744f61a02 -> 
  custom:container-demuxer-ogg: 62fdf1f143b41e24485cea50d1cbac27 -> 
  custom:video-encoder-webm-vp8: eb34c28f22e8b96e1ab97ce403110664 -> 
  custom:video-decoder-webm-vp8: 9c59270c3fd7afecdb556c50c9e8de78 -> 
  custom:audio-decoder-ogg-vorbis: bf7c407c2cedff20999df2af8eb42d56 -> 
  custom:audio-encoder-webm-vorbis: bf7c407c2cedff20999df2af8eb42d56 -> 
========================================================================
Received Import Request.
  Time since last request: 517.370633 seconds.
  path: Assets/Demo/MummyIL.demo
  artifactKey: Guid(c5272b2c9f1d15941880c65502517080) Importer(815301076,1909f56bfc062723c751e8b465ee728b)
Start importing Assets/Demo/MummyIL.demo using Guid(c5272b2c9f1d15941880c65502517080) Importer(815301076,1909f56bfc062723c751e8b465ee728b)  -> (artifact id: 'ec5e3f3f7dfbbf6844ce272d0fc7bd74') in 0.022551 seconds 
  Import took 0.025594 seconds .

========================================================================
Received Import Request.
  Time since last request: 14.782148 seconds.
  path: Assets/03. Prefabs/Stage.prefab
  artifactKey: Guid(c686a9d41bb4861499ff676d92a2c98f) Importer(815301076,1909f56bfc062723c751e8b465ee728b)
Start importing Assets/03. Prefabs/Stage.prefab using Guid(c686a9d41bb4861499ff676d92a2c98f) Importer(815301076,1909f56bfc062723c751e8b465ee728b)  -> (artifact id: '7ed86949a408f04373300a010394257a') in 0.377563 seconds 
  Import took 0.380912 seconds .

========================================================================
Received Prepare
Registering precompiled user dll's ...
Registered in 0.004954 seconds.
Begin MonoManager ReloadAssembly
Native extension for WindowsStandalone target not found
Refreshing native plugins compatible for Editor in 0.43 ms, found 3 plugins.
Preloading 0 native plugins for Editor in 0.00 ms.
Mono: successfully reloaded assembly
- Completed reload, in  1.001 seconds
Platform modules already initialized, skipping
Refreshing native plugins compatible for Editor in 0.42 ms, found 3 plugins.
Preloading 0 native plugins for Editor in 0.00 ms.
Unloading 2000 Unused Serialized files (Serialized files now loaded: 0)
System memory in use before: 112.2 MB.
System memory in use after: 112.3 MB.

Unloading 28 unused Assets to reduce memory usage. Loaded Objects now: 2545.
Total: 2.764800 ms (FindLiveObjects: 0.192100 ms CreateObjectMapping: 0.064000 ms MarkObjects: 2.454100 ms  DeleteObjects: 0.053900 ms)

AssetImportParameters requested are different than current active one (requested -> active):
  custom:framework-win-MediaFoundation: 216162199b28c13a410421893ffa2e32 -> 
  custom:video-decoder-ogg-theora: a1e56fd34408186e4bbccfd4996cb3dc -> 
  custom:container-muxer-webm: aa71ff27fc2769a1b78a27578f13a17b -> 
  custom:container-demuxer-webm: 4f35f7cbe854078d1ac9338744f61a02 -> 
  custom:container-demuxer-ogg: 62fdf1f143b41e24485cea50d1cbac27 -> 
  custom:video-encoder-webm-vp8: eb34c28f22e8b96e1ab97ce403110664 -> 
  custom:video-decoder-webm-vp8: 9c59270c3fd7afecdb556c50c9e8de78 -> 
  custom:audio-decoder-ogg-vorbis: bf7c407c2cedff20999df2af8eb42d56 -> 
  custom:audio-encoder-webm-vorbis: bf7c407c2cedff20999df2af8eb42d56 -> 
========================================================================
Received Prepare
Registering precompiled user dll's ...
Registered in 0.005883 seconds.
Begin MonoManager ReloadAssembly
Native extension for WindowsStandalone target not found
Refreshing native plugins compatible for Editor in 0.43 ms, found 3 plugins.
Preloading 0 native plugins for Editor in 0.00 ms.
Mono: successfully reloaded assembly
- Completed reload, in  1.023 seconds
Platform modules already initialized, skipping
Refreshing native plugins compatible for Editor in 0.43 ms, found 3 plugins.
Preloading 0 native plugins for Editor in 0.00 ms.
Unloading 2000 Unused Serialized files (Serialized files now loaded: 0)
System memory in use before: 112.2 MB.
System memory in use after: 112.3 MB.

Unloading 27 unused Assets to reduce memory usage. Loaded Objects now: 2549.
Total: 2.673700 ms (FindLiveObjects: 0.175100 ms CreateObjectMapping: 0.066500 ms MarkObjects: 2.377700 ms  DeleteObjects: 0.053400 ms)

AssetImportParameters requested are different than current active one (requested -> active):
  custom:framework-win-MediaFoundation: 216162199b28c13a410421893ffa2e32 -> 
  custom:video-decoder-ogg-theora: a1e56fd34408186e4bbccfd4996cb3dc -> 
  custom:container-muxer-webm: aa71ff27fc2769a1b78a27578f13a17b -> 
  custom:container-demuxer-webm: 4f35f7cbe854078d1ac9338744f61a02 -> 
  custom:container-demuxer-ogg: 62fdf1f143b41e24485cea50d1cbac27 -> 
  custom:video-encoder-webm-vp8: eb34c28f22e8b96e1ab97ce403110664 -> 
  custom:video-decoder-webm-vp8: 9c59270c3fd7afecdb556c50c9e8de78 -> 
  custom:audio-decoder-ogg-vorbis: bf7c407c2cedff20999df2af8eb42d56 -> 
  custom:audio-encoder-webm-vorbis: bf7c407c2cedff20999df2af8eb42d56 -> 
========================================================================
Received Import Request.
  Time since last request: 1777.179951 seconds.
  path: Assets/02. Scripts/MummyAgent.cs
  artifactKey: Guid(9358c6f7d913b02409fbdde9c179043c) Importer(815301076,1909f56bfc062723c751e8b465ee728b)
Start importing Assets/02. Scripts/MummyAgent.cs using Guid(9358c6f7d913b02409fbdde9c179043c) Importer(815301076,1909f56bfc062723c751e8b465ee728b)  -> (artifact id: '60e738064576640b87c250d39332f77a') in 0.009174 seconds 
  Import took 0.012696 seconds .

========================================================================
Received Import Request.
  Time since last request: 2.241688 seconds.
  path: Assets/02. Scripts/MummyAgent.cs
  artifactKey: Guid(9358c6f7d913b02409fbdde9c179043c) Importer(815301076,1909f56bfc062723c751e8b465ee728b)
Start importing Assets/02. Scripts/MummyAgent.cs using Guid(9358c6f7d913b02409fbdde9c179043c) Importer(815301076,1909f56bfc062723c751e8b465ee728b)  -> (artifact id: '60e738064576640b87c250d39332f77a') in 0.001884 seconds 
  Import took 0.004803 seconds .

========================================================================
Received Prepare
Registering precompiled user dll's ...
Registered in 0.004331 seconds.
Begin MonoManager ReloadAssembly
Native extension for WindowsStandalone target not found
Refreshing native plugins compatible for Editor in 0.43 ms, found 3 plugins.
Preloading 0 native plugins for Editor in 0.00 ms.
Mono: successfully reloaded assembly
- Completed reload, in  0.983 seconds
Platform modules already initialized, skipping
Refreshing native plugins compatible for Editor in 0.43 ms, found 3 plugins.
Preloading 0 native plugins for Editor in 0.00 ms.
Unloading 2000 Unused Serialized files (Serialized files now loaded: 0)
System memory in use before: 112.2 MB.
System memory in use after: 112.3 MB.

Unloading 27 unused Assets to reduce memory usage. Loaded Objects now: 2553.
Total: 2.804500 ms (FindLiveObjects: 0.200100 ms CreateObjectMapping: 0.067500 ms MarkObjects: 2.482000 ms  DeleteObjects: 0.054000 ms)

AssetImportParameters requested are different than current active one (requested -> active):
  custom:framework-win-MediaFoundation: 216162199b28c13a410421893ffa2e32 -> 
  custom:video-decoder-ogg-theora: a1e56fd34408186e4bbccfd4996cb3dc -> 
  custom:container-muxer-webm: aa71ff27fc2769a1b78a27578f13a17b -> 
  custom:container-demuxer-webm: 4f35f7cbe854078d1ac9338744f61a02 -> 
  custom:container-demuxer-ogg: 62fdf1f143b41e24485cea50d1cbac27 -> 
  custom:video-encoder-webm-vp8: eb34c28f22e8b96e1ab97ce403110664 -> 
  custom:video-decoder-webm-vp8: 9c59270c3fd7afecdb556c50c9e8de78 -> 
  custom:audio-decoder-ogg-vorbis: bf7c407c2cedff20999df2af8eb42d56 -> 
  custom:audio-encoder-webm-vorbis: bf7c407c2cedff20999df2af8eb42d56 -> 
========================================================================
Received Prepare
Registering precompiled user dll's ...
Registered in 0.004168 seconds.
Begin MonoManager ReloadAssembly
Native extension for WindowsStandalone target not found
Refreshing native plugins compatible for Editor in 0.43 ms, found 3 plugins.
Preloading 0 native plugins for Editor in 0.00 ms.
Mono: successfully reloaded assembly
- Completed reload, in  0.965 seconds
Platform modules already initialized, skipping
Refreshing native plugins compatible for Editor in 0.43 ms, found 3 plugins.
Preloading 0 native plugins for Editor in 0.00 ms.
Unloading 2000 Unused Serialized files (Serialized files now loaded: 0)
System memory in use before: 112.2 MB.
System memory in use after: 112.3 MB.

Unloading 27 unused Assets to reduce memory usage. Loaded Objects now: 2557.
Total: 2.819500 ms (FindLiveObjects: 0.201800 ms CreateObjectMapping: 0.078600 ms MarkObjects: 2.482500 ms  DeleteObjects: 0.055500 ms)

AssetImportParameters requested are different than current active one (requested -> active):
  custom:framework-win-MediaFoundation: 216162199b28c13a410421893ffa2e32 -> 
  custom:video-decoder-ogg-theora: a1e56fd34408186e4bbccfd4996cb3dc -> 
  custom:container-muxer-webm: aa71ff27fc2769a1b78a27578f13a17b -> 
  custom:container-demuxer-webm: 4f35f7cbe854078d1ac9338744f61a02 -> 
  custom:container-demuxer-ogg: 62fdf1f143b41e24485cea50d1cbac27 -> 
  custom:video-encoder-webm-vp8: eb34c28f22e8b96e1ab97ce403110664 -> 
  custom:video-decoder-webm-vp8: 9c59270c3fd7afecdb556c50c9e8de78 -> 
  custom:audio-decoder-ogg-vorbis: bf7c407c2cedff20999df2af8eb42d56 -> 
  custom:audio-encoder-webm-vorbis: bf7c407c2cedff20999df2af8eb42d56 -> 
========================================================================
Received Prepare
Registering precompiled user dll's ...
Registered in 0.004964 seconds.
Begin MonoManager ReloadAssembly
Native extension for WindowsStandalone target not found
Refreshing native plugins compatible for Editor in 0.47 ms, found 3 plugins.
Preloading 0 native plugins for Editor in 0.00 ms.
Mono: successfully reloaded assembly
- Completed reload, in  1.003 seconds
Platform modules already initialized, skipping
Refreshing native plugins compatible for Editor in 0.44 ms, found 3 plugins.
Preloading 0 native plugins for Editor in 0.00 ms.
Unloading 2000 Unused Serialized files (Serialized files now loaded: 0)
System memory in use before: 112.2 MB.
System memory in use after: 112.3 MB.

Unloading 27 unused Assets to reduce memory usage. Loaded Objects now: 2561.
Total: 2.673400 ms (FindLiveObjects: 0.186800 ms CreateObjectMapping: 0.069400 ms MarkObjects: 2.355600 ms  DeleteObjects: 0.060300 ms)

AssetImportParameters requested are different than current active one (requested -> active):
  custom:framework-win-MediaFoundation: 216162199b28c13a410421893ffa2e32 -> 
  custom:video-decoder-ogg-theora: a1e56fd34408186e4bbccfd4996cb3dc -> 
  custom:container-muxer-webm: aa71ff27fc2769a1b78a27578f13a17b -> 
  custom:container-demuxer-webm: 4f35f7cbe854078d1ac9338744f61a02 -> 
  custom:container-demuxer-ogg: 62fdf1f143b41e24485cea50d1cbac27 -> 
  custom:video-encoder-webm-vp8: eb34c28f22e8b96e1ab97ce403110664 -> 
  custom:video-decoder-webm-vp8: 9c59270c3fd7afecdb556c50c9e8de78 -> 
  custom:audio-decoder-ogg-vorbis: bf7c407c2cedff20999df2af8eb42d56 -> 
  custom:audio-encoder-webm-vorbis: bf7c407c2cedff20999df2af8eb42d56 -> 
========================================================================
Received Import Request.
  Time since last request: 728.587262 seconds.
  path: Assets/Demo/MummyIL.demo
  artifactKey: Guid(c5272b2c9f1d15941880c65502517080) Importer(815301076,1909f56bfc062723c751e8b465ee728b)
Start importing Assets/Demo/MummyIL.demo using Guid(c5272b2c9f1d15941880c65502517080) Importer(815301076,1909f56bfc062723c751e8b465ee728b)  -> (artifact id: '6a6991f27623ab881dc77036a830b1c6') in 0.014772 seconds 
  Import took 0.018075 seconds .

========================================================================
Received Prepare
Registering precompiled user dll's ...
Registered in 0.004800 seconds.
Begin MonoManager ReloadAssembly
Native extension for WindowsStandalone target not found
Refreshing native plugins compatible for Editor in 0.43 ms, found 3 plugins.
Preloading 0 native plugins for Editor in 0.00 ms.
Mono: successfully reloaded assembly
- Completed reload, in  1.026 seconds
Platform modules already initialized, skipping
Refreshing native plugins compatible for Editor in 0.43 ms, found 3 plugins.
Preloading 0 native plugins for Editor in 0.00 ms.
Unloading 2000 Unused Serialized files (Serialized files now loaded: 0)
System memory in use before: 112.2 MB.
System memory in use after: 112.3 MB.

Unloading 27 unused Assets to reduce memory usage. Loaded Objects now: 2565.
Total: 2.815100 ms (FindLiveObjects: 0.186400 ms CreateObjectMapping: 0.060300 ms MarkObjects: 2.512800 ms  DeleteObjects: 0.054600 ms)

AssetImportParameters requested are different than current active one (requested -> active):
  custom:framework-win-MediaFoundation: 216162199b28c13a410421893ffa2e32 -> 
  custom:video-decoder-ogg-theora: a1e56fd34408186e4bbccfd4996cb3dc -> 
  custom:container-muxer-webm: aa71ff27fc2769a1b78a27578f13a17b -> 
  custom:container-demuxer-webm: 4f35f7cbe854078d1ac9338744f61a02 -> 
  custom:container-demuxer-ogg: 62fdf1f143b41e24485cea50d1cbac27 -> 
  custom:video-encoder-webm-vp8: eb34c28f22e8b96e1ab97ce403110664 -> 
  custom:video-decoder-webm-vp8: 9c59270c3fd7afecdb556c50c9e8de78 -> 
  custom:audio-decoder-ogg-vorbis: bf7c407c2cedff20999df2af8eb42d56 -> 
  custom:audio-encoder-webm-vorbis: bf7c407c2cedff20999df2af8eb42d56 -> 
========================================================================
Received Prepare
Registering precompiled user dll's ...
Registered in 0.004239 seconds.
Begin MonoManager ReloadAssembly
Native extension for WindowsStandalone target not found
Refreshing native plugins compatible for Editor in 0.44 ms, found 3 plugins.
Preloading 0 native plugins for Editor in 0.00 ms.
Mono: successfully reloaded assembly
- Completed reload, in  0.982 seconds
Platform modules already initialized, skipping
Refreshing native plugins compatible for Editor in 0.41 ms, found 3 plugins.
Preloading 0 native plugins for Editor in 0.00 ms.
Unloading 2000 Unused Serialized files (Serialized files now loaded: 0)
System memory in use before: 112.2 MB.
System memory in use after: 112.3 MB.

Unloading 27 unused Assets to reduce memory usage. Loaded Objects now: 2569.
Total: 3.047300 ms (FindLiveObjects: 0.243200 ms CreateObjectMapping: 0.091400 ms MarkObjects: 2.626700 ms  DeleteObjects: 0.085000 ms)

AssetImportParameters requested are different than current active one (requested -> active):
  custom:framework-win-MediaFoundation: 216162199b28c13a410421893ffa2e32 -> 
  custom:video-decoder-ogg-theora: a1e56fd34408186e4bbccfd4996cb3dc -> 
  custom:container-muxer-webm: aa71ff27fc2769a1b78a27578f13a17b -> 
  custom:container-demuxer-webm: 4f35f7cbe854078d1ac9338744f61a02 -> 
  custom:container-demuxer-ogg: 62fdf1f143b41e24485cea50d1cbac27 -> 
  custom:video-encoder-webm-vp8: eb34c28f22e8b96e1ab97ce403110664 -> 
  custom:video-decoder-webm-vp8: 9c59270c3fd7afecdb556c50c9e8de78 -> 
  custom:audio-decoder-ogg-vorbis: bf7c407c2cedff20999df2af8eb42d56 -> 
  custom:audio-encoder-webm-vorbis: bf7c407c2cedff20999df2af8eb42d56 -> 
========================================================================
Received Prepare
Registering precompiled user dll's ...
Registered in 0.004793 seconds.
Begin MonoManager ReloadAssembly
Native extension for WindowsStandalone target not found
Refreshing native plugins compatible for Editor in 0.43 ms, found 3 plugins.
Preloading 0 native plugins for Editor in 0.00 ms.
Mono: successfully reloaded assembly
- Completed reload, in  1.304 seconds
Platform modules already initialized, skipping
Refreshing native plugins compatible for Editor in 0.45 ms, found 3 plugins.
Preloading 0 native plugins for Editor in 0.00 ms.
Unloading 2000 Unused Serialized files (Serialized files now loaded: 0)
System memory in use before: 112.2 MB.
System memory in use after: 112.3 MB.

Unloading 27 unused Assets to reduce memory usage. Loaded Objects now: 2573.
Total: 2.910600 ms (FindLiveObjects: 0.259700 ms CreateObjectMapping: 0.067700 ms MarkObjects: 2.524100 ms  DeleteObjects: 0.058100 ms)

AssetImportParameters requested are different than current active one (requested -> active):
  custom:framework-win-MediaFoundation: 216162199b28c13a410421893ffa2e32 -> 
  custom:video-decoder-ogg-theora: a1e56fd34408186e4bbccfd4996cb3dc -> 
  custom:container-muxer-webm: aa71ff27fc2769a1b78a27578f13a17b -> 
  custom:container-demuxer-webm: 4f35f7cbe854078d1ac9338744f61a02 -> 
  custom:container-demuxer-ogg: 62fdf1f143b41e24485cea50d1cbac27 -> 
  custom:video-encoder-webm-vp8: eb34c28f22e8b96e1ab97ce403110664 -> 
  custom:video-decoder-webm-vp8: 9c59270c3fd7afecdb556c50c9e8de78 -> 
  custom:audio-decoder-ogg-vorbis: bf7c407c2cedff20999df2af8eb42d56 -> 
  custom:audio-encoder-webm-vorbis: bf7c407c2cedff20999df2af8eb42d56 -> 
========================================================================
Received Prepare
Registering precompiled user dll's ...
Registered in 0.006046 seconds.
Begin MonoManager ReloadAssembly
Native extension for WindowsStandalone target not found
Refreshing native plugins compatible for Editor in 0.75 ms, found 3 plugins.
Preloading 0 native plugins for Editor in 0.00 ms.
Mono: successfully reloaded assembly
- Completed reload, in  1.056 seconds
Platform modules already initialized, skipping
Refreshing native plugins compatible for Editor in 0.43 ms, found 3 plugins.
Preloading 0 native plugins for Editor in 0.00 ms.
Unloading 2000 Unused Serialized files (Serialized files now loaded: 0)
System memory in use before: 112.2 MB.
System memory in use after: 112.3 MB.

Unloading 27 unused Assets to reduce memory usage. Loaded Objects now: 2577.
Total: 3.008700 ms (FindLiveObjects: 0.211800 ms CreateObjectMapping: 0.077700 ms MarkObjects: 2.655800 ms  DeleteObjects: 0.062300 ms)

AssetImportParameters requested are different than current active one (requested -> active):
  custom:framework-win-MediaFoundation: 216162199b28c13a410421893ffa2e32 -> 
  custom:video-decoder-ogg-theora: a1e56fd34408186e4bbccfd4996cb3dc -> 
  custom:container-muxer-webm: aa71ff27fc2769a1b78a27578f13a17b -> 
  custom:container-demuxer-webm: 4f35f7cbe854078d1ac9338744f61a02 -> 
  custom:container-demuxer-ogg: 62fdf1f143b41e24485cea50d1cbac27 -> 
  custom:video-encoder-webm-vp8: eb34c28f22e8b96e1ab97ce403110664 -> 
  custom:video-decoder-webm-vp8: 9c59270c3fd7afecdb556c50c9e8de78 -> 
  custom:audio-decoder-ogg-vorbis: bf7c407c2cedff20999df2af8eb42d56 -> 
  custom:audio-encoder-webm-vorbis: bf7c407c2cedff20999df2af8eb42d56 -> 
AssetImportWorkerClient::OnTransportError - code=2 error=End of file
