Using pre-set license
Built from '2020.3/release' branch; Version is '2020.3.12f1 (b3b2c6512326) revision 11776710'; Using compiler version '192528614'; Build Type 'Release'
OS: 'Windows 10 Home; OS build 19042.1165; Version 2009; 64bit' Language: 'en' Physical Memory: 16322 MB
BatchMode: 1, IsHumanControllingUs: 0, StartBugReporterOnCrash: 0, Is64bit: 1, IsPro: 0

 COMMAND LINE ARGUMENTS:
C:\Program Files\Unity\Hub\Editor\2020.3.12f1\Editor\Unity.exe
-adb2
-batchMode
-noUpm
-name
AssetImportWorker0
-projectPath
A:/Github/MummyIL
-logFile
Logs/AssetImportWorker0.log
-srvPort
55452
Successfully changed project path to: A:/Github/MummyIL
A:/Github/MummyIL
Using Asset Import Pipeline V2.
Refreshing native plugins compatible for Editor in 29.44 ms, found 2 plugins.
Preloading 0 native plugins for Editor in 0.00 ms.
Initialize engine version: 2020.3.12f1 (b3b2c6512326)
[Subsystems] Discovering subsystems at path C:/Program Files/Unity/Hub/Editor/2020.3.12f1/Editor/Data/Resources/UnitySubsystems
[Subsystems] Discovering subsystems at path A:/Github/MummyIL/Assets
GfxDevice: creating device client; threaded=0
Direct3D:
    Version:  Direct3D 11.0 [level 11.1]
    Renderer: NVIDIA GeForce RTX 3060 Ti (ID=0x2486)
    Vendor:   
    VRAM:     8050 MB
    Driver:   27.21.14.5751
Initialize mono
Mono path[0] = 'C:/Program Files/Unity/Hub/Editor/2020.3.12f1/Editor/Data/Managed'
Mono path[1] = 'C:/Program Files/Unity/Hub/Editor/2020.3.12f1/Editor/Data/MonoBleedingEdge/lib/mono/unityjit'
Mono config path = 'C:/Program Files/Unity/Hub/Editor/2020.3.12f1/Editor/Data/MonoBleedingEdge/etc'
Using monoOptions --debugger-agent=transport=dt_socket,embedding=1,server=y,suspend=n,address=127.0.0.1:56536
Begin MonoManager ReloadAssembly
Registering precompiled unity dll's ...
Register platform support module: C:/Program Files/Unity/Hub/Editor/2020.3.12f1/Editor/Data/PlaybackEngines/WebGLSupport/UnityEditor.WebGL.Extensions.dll
Register platform support module: C:/Program Files/Unity/Hub/Editor/2020.3.12f1/Editor/Data/PlaybackEngines/WindowsStandaloneSupport/UnityEditor.WindowsStandalone.Extensions.dll
Registered in 0.002073 seconds.
Native extension for WindowsStandalone target not found
Native extension for WebGL target not found
Refreshing native plugins compatible for Editor in 28.84 ms, found 2 plugins.
Preloading 0 native plugins for Editor in 0.00 ms.
Mono: successfully reloaded assembly
- Completed reload, in  0.981 seconds
Platform modules already initialized, skipping
Registering precompiled user dll's ...
Registered in 0.002564 seconds.
Begin MonoManager ReloadAssembly
Native extension for WindowsStandalone target not found
Native extension for WebGL target not found
Refreshing native plugins compatible for Editor in 28.41 ms, found 2 plugins.
Preloading 0 native plugins for Editor in 0.00 ms.
Mono: successfully reloaded assembly
- Completed reload, in  1.532 seconds
Platform modules already initialized, skipping
========================================================================
Worker process is ready to serve import requests
Launched and connected shader compiler UnityShaderCompiler.exe after 0.03 seconds
Refreshing native plugins compatible for Editor in 0.44 ms, found 2 plugins.
Preloading 0 native plugins for Editor in 0.00 ms.
Unloading 1741 Unused Serialized files (Serialized files now loaded: 0)
System memory in use before: 84.3 MB.
System memory in use after: 84.4 MB.

Unloading 21 unused Assets to reduce memory usage. Loaded Objects now: 2172.
Total: 2.037700 ms (FindLiveObjects: 0.148600 ms CreateObjectMapping: 0.055800 ms MarkObjects: 1.780400 ms  DeleteObjects: 0.051800 ms)

AssetImportParameters requested are different than current active one (requested -> active):
  custom:framework-win-MediaFoundation: 216162199b28c13a410421893ffa2e32 -> 
  custom:video-decoder-ogg-theora: a1e56fd34408186e4bbccfd4996cb3dc -> 
  custom:container-muxer-webm: aa71ff27fc2769a1b78a27578f13a17b -> 
  custom:container-demuxer-webm: 4f35f7cbe854078d1ac9338744f61a02 -> 
  custom:container-demuxer-ogg: 62fdf1f143b41e24485cea50d1cbac27 -> 
  custom:video-encoder-webm-vp8: eb34c28f22e8b96e1ab97ce403110664 -> 
  custom:video-decoder-webm-vp8: 9c59270c3fd7afecdb556c50c9e8de78 -> 
  custom:audio-decoder-ogg-vorbis: bf7c407c2cedff20999df2af8eb42d56 -> 
  custom:audio-encoder-webm-vorbis: bf7c407c2cedff20999df2af8eb42d56 -> 
========================================================================
Received Import Request.
  path: Assets/Green.mat
  artifactKey: Guid(46b9102939ff21a4da9cc4f2620e4b24) Importer(815301076,1909f56bfc062723c751e8b465ee728b)
Start importing Assets/Green.mat using Guid(46b9102939ff21a4da9cc4f2620e4b24) Importer(815301076,1909f56bfc062723c751e8b465ee728b)  -> (artifact id: '2c4d6675132327fe345847265468a7c1') in 0.278145 seconds 
  Import took 0.280543 seconds .

========================================================================
Received Import Request.
  Time since last request: 0.000135 seconds.
  path: Assets/Black.mat
  artifactKey: Guid(c113b5fe4c5f5ae4e8d2cd1239f01eda) Importer(815301076,1909f56bfc062723c751e8b465ee728b)
Start importing Assets/Black.mat using Guid(c113b5fe4c5f5ae4e8d2cd1239f01eda) Importer(815301076,1909f56bfc062723c751e8b465ee728b)  -> (artifact id: 'd4cf8eb04cb146294fb241d2b60b59d8') in 0.008086 seconds 
  Import took 0.010520 seconds .

========================================================================
Received Import Request.
  Time since last request: 0.000182 seconds.
  path: Assets/Red.mat
  artifactKey: Guid(ad76a1b43dd08754396393e55c4189bf) Importer(815301076,1909f56bfc062723c751e8b465ee728b)
Start importing Assets/Red.mat using Guid(ad76a1b43dd08754396393e55c4189bf) Importer(815301076,1909f56bfc062723c751e8b465ee728b)  -> (artifact id: '298bf021e7b63861e9acc6066c3fb247') in 0.008865 seconds 
  Import took 0.011222 seconds .

========================================================================
Received Import Request.
  Time since last request: 0.000196 seconds.
  path: Assets/MummyIL.onnx
  artifactKey: Guid(6839b1e6d4672bb4e8d41573ce2bd14f) Importer(815301076,1909f56bfc062723c751e8b465ee728b)
Start importing Assets/MummyIL.onnx using Guid(6839b1e6d4672bb4e8d41573ce2bd14f) Importer(815301076,1909f56bfc062723c751e8b465ee728b)  -> (artifact id: '2d7119bb403815b9080e5728c2dc06e2') in 0.035724 seconds 
  Import took 0.038082 seconds .

========================================================================
Received Import Request.
  Time since last request: 0.000224 seconds.
  path: Assets/Floor.mat
  artifactKey: Guid(72ad66fcd317dc54a92bee0a5bc1793d) Importer(815301076,1909f56bfc062723c751e8b465ee728b)
Start importing Assets/Floor.mat using Guid(72ad66fcd317dc54a92bee0a5bc1793d) Importer(815301076,1909f56bfc062723c751e8b465ee728b)  -> (artifact id: 'f20e26fdd6a961e2c55cd95febaa51df') in 0.008582 seconds 
  Import took 0.010992 seconds .

========================================================================
Received Import Request.
  Time since last request: 0.000194 seconds.
  path: Assets/Blue.mat
  artifactKey: Guid(994045b473c04204d8559e772d8c8db9) Importer(815301076,1909f56bfc062723c751e8b465ee728b)
Start importing Assets/Blue.mat using Guid(994045b473c04204d8559e772d8c8db9) Importer(815301076,1909f56bfc062723c751e8b465ee728b)  -> (artifact id: '0e44a4089549889ada7091bc1ea87d26') in 0.008520 seconds 
  Import took 0.010931 seconds .

========================================================================
Received Import Request.
  Time since last request: 68.080010 seconds.
  path: Assets/01. Scenes
  artifactKey: Guid(19fdb97154565c146ac7fb1cbe3a774f) Importer(815301076,1909f56bfc062723c751e8b465ee728b)
Start importing Assets/01. Scenes using Guid(19fdb97154565c146ac7fb1cbe3a774f) Importer(815301076,1909f56bfc062723c751e8b465ee728b)  -> (artifact id: 'a45910a83e7e04c5b4568927b226cba5') in 0.004613 seconds 
  Import took 0.007291 seconds .

========================================================================
Received Import Request.
  Time since last request: 0.005057 seconds.
  path: Assets/01. Scenes
  artifactKey: Guid(19fdb97154565c146ac7fb1cbe3a774f) Importer(815301076,1909f56bfc062723c751e8b465ee728b)
Start importing Assets/01. Scenes using Guid(19fdb97154565c146ac7fb1cbe3a774f) Importer(815301076,1909f56bfc062723c751e8b465ee728b)  -> (artifact id: 'a45910a83e7e04c5b4568927b226cba5') in 0.001197 seconds 
  Import took 0.003569 seconds .

========================================================================
Received Import Request.
  Time since last request: 0.533560 seconds.
  path: Assets/01. Scenes/SampleScene.unity
  artifactKey: Guid(9fc0d4010bbf28b4594072e72b8655ab) Importer(815301076,1909f56bfc062723c751e8b465ee728b)
Start importing Assets/01. Scenes/SampleScene.unity using Guid(9fc0d4010bbf28b4594072e72b8655ab) Importer(815301076,1909f56bfc062723c751e8b465ee728b)  -> (artifact id: 'dd14a6d26bae7cf68a8f92424d516c93') in 0.004675 seconds 
  Import took 0.007418 seconds .

